<?xml version="1.0" encoding="UTF-8"?>
<!-- Generated by org.testng.reporters.JUnitXMLReporter -->
<testsuite ignored="0" hostname="anils-MSI-Prestige14" failures="0" tests="3" name="Default test" time="28.959" errors="0" timestamp="2024-11-14T14:39:59 EST">
  <testcase classname="rahulshettyacademy.tests.SubmitOrderTest" name="submitOrder" time="3.967"/>
  <testcase classname="rahulshettyacademy.tests.SubmitOrderTest" name="submitOrder" time="3.875"/>
  <testcase classname="rahulshettyacademy.tests.SubmitOrderTest" name="OrderHistoryTest" time="1.156"/>
</testsuite> <!-- Default test -->
