<?xml version="1.0" encoding="UTF-8"?>
<!-- Generated by org.testng.reporters.JUnitXMLReporter -->
<testsuite ignored="0" hostname="anils-MSI-Prestige14" failures="0" tests="2" name="Error Validations Test" time="17.283" errors="0" timestamp="2024-11-14T09:46:51 EST">
  <testcase classname="rahulshettyacademy.tests.ErrorValidationsTest" name="LoginErrorValidation" time="1.496"/>
  <testcase classname="rahulshettyacademy.tests.ErrorValidationsTest" name="ProductErrorValidation" time="3.145"/>
</testsuite> <!-- Error Validations Test -->
